<?xml version="1.0" encoding="UTF-8"?>
<testng-results ignored="0" total="1" passed="0" failed="1" skipped="0">
  <reporter-output>
  </reporter-output>
  <suite started-at="2023-05-29T11:57:53 IST" name="Default suite" finished-at="2023-05-29T11:58:13 IST" duration-ms="20011">
    <groups>
    </groups>
    <test started-at="2023-05-29T11:57:53 IST" name="Default test" finished-at="2023-05-29T11:58:13 IST" duration-ms="20011">
      <class name="testscripts.AddPythonToMyCartTest">
        <test-method is-config="true" signature="classConfig()[pri:0, instance:testscripts.AddPythonToMyCartTest@708f5957]" started-at="2023-05-29T11:57:53 IST" name="classConfig" finished-at="2023-05-29T11:57:53 IST" duration-ms="506" status="PASS">
          <reporter-output>
          </reporter-output>
        </test-method> <!-- classConfig -->
        <test-method is-config="true" signature="methodConfig()[pri:0, instance:testscripts.AddPythonToMyCartTest@708f5957]" started-at="2023-05-29T11:57:53 IST" name="methodConfig" finished-at="2023-05-29T11:57:59 IST" duration-ms="5337" status="PASS">
          <reporter-output>
          </reporter-output>
        </test-method> <!-- methodConfig -->
        <test-method signature="sendContactDetailsTest()[pri:0, instance:testscripts.AddPythonToMyCartTest@708f5957]" started-at="2023-05-29T11:57:59 IST" name="sendContactDetailsTest" finished-at="2023-05-29T11:58:12 IST" duration-ms="13962" status="FAIL">
          <exception class="java.lang.AssertionError">
            <message>
              <![CDATA[The following asserts failed:
expected [Testing] but found [SkillRary-ECommerce
HOME
COURSE
FEEDBACK
CATEGORY
                  Select category
                Testing
DevOps
Development
Datbase Analist
Dance
Business Analyst
java
Polampalli Madhu
My sql
manual test cases
test development
0
LOGIN
SIGNUP]]]>
            </message>
            <full-stacktrace>
              <![CDATA[java.lang.AssertionError: The following asserts failed:
expected [Testing] but found [SkillRary-ECommerce
HOME
COURSE
FEEDBACK
CATEGORY
                  Select category
                Testing
DevOps
Development
Datbase Analist
Dance
Business Analyst
java
Polampalli Madhu
My sql
manual test cases
test development
0
LOGIN
SIGNUP]
at org.testng.asserts.SoftAssert.assertAll(SoftAssert.java:47)
at org.testng.asserts.SoftAssert.assertAll(SoftAssert.java:31)
at testscripts.AddPythonToMyCartTest.sendContactDetailsTest(AddPythonToMyCartTest.java:30)
at java.base/jdk.internal.reflect.DirectMethodHandleAccessor.invoke(DirectMethodHandleAccessor.java:104)
at java.base/java.lang.reflect.Method.invoke(Method.java:578)
at org.testng.internal.MethodInvocationHelper.invokeMethod(MethodInvocationHelper.java:133)
at org.testng.internal.TestInvoker.invokeMethod(TestInvoker.java:598)
at org.testng.internal.TestInvoker.invokeTestMethod(TestInvoker.java:173)
at org.testng.internal.MethodRunner.runInSequence(MethodRunner.java:46)
at org.testng.internal.TestInvoker$MethodInvocationAgent.invoke(TestInvoker.java:824)
at org.testng.internal.TestInvoker.invokeTestMethods(TestInvoker.java:146)
at org.testng.internal.TestMethodWorker.invokeTestMethods(TestMethodWorker.java:146)
at org.testng.internal.TestMethodWorker.run(TestMethodWorker.java:128)
at java.base/java.util.ArrayList.forEach(ArrayList.java:1511)
at org.testng.TestRunner.privateRun(TestRunner.java:794)
at org.testng.TestRunner.run(TestRunner.java:596)
at org.testng.SuiteRunner.runTest(SuiteRunner.java:377)
at org.testng.SuiteRunner.runSequentially(SuiteRunner.java:371)
at org.testng.SuiteRunner.privateRun(SuiteRunner.java:332)
at org.testng.SuiteRunner.run(SuiteRunner.java:276)
at org.testng.SuiteRunnerWorker.runSuite(SuiteRunnerWorker.java:53)
at org.testng.SuiteRunnerWorker.run(SuiteRunnerWorker.java:96)
at org.testng.TestNG.runSuitesSequentially(TestNG.java:1212)
at org.testng.TestNG.runSuitesLocally(TestNG.java:1134)
at org.testng.TestNG.runSuites(TestNG.java:1063)
at org.testng.TestNG.run(TestNG.java:1031)
at org.testng.remote.AbstractRemoteTestNG.run(AbstractRemoteTestNG.java:115)
at org.testng.remote.RemoteTestNG.initAndRun(RemoteTestNG.java:251)
at org.testng.remote.RemoteTestNG.main(RemoteTestNG.java:77)
]]>
            </full-stacktrace>
          </exception> <!-- java.lang.AssertionError -->
          <reporter-output>
          </reporter-output>
        </test-method> <!-- sendContactDetailsTest -->
        <test-method is-config="true" signature="methodTearDown()[pri:0, instance:testscripts.AddPythonToMyCartTest@708f5957]" started-at="2023-05-29T11:58:12 IST" name="methodTearDown" finished-at="2023-05-29T11:58:13 IST" duration-ms="167" status="PASS">
          <reporter-output>
          </reporter-output>
        </test-method> <!-- methodTearDown -->
        <test-method is-config="true" signature="classTearDown()[pri:0, instance:testscripts.AddPythonToMyCartTest@708f5957]" started-at="2023-05-29T11:58:13 IST" name="classTearDown" finished-at="2023-05-29T11:58:13 IST" duration-ms="1" status="PASS">
          <reporter-output>
          </reporter-output>
        </test-method> <!-- classTearDown -->
      </class> <!-- testscripts.AddPythonToMyCartTest -->
    </test> <!-- Default test -->
  </suite> <!-- Default suite -->
</testng-results>
